TN:
SF:script/Deploy.s.sol
DA:8,0
FN:8,DeployKipuBankV3.run
FNDA:0,DeployKipuBankV3.run
DA:10,0
DA:11,0
DA:12,0
DA:13,0
DA:14,0
DA:16,0
DA:18,0
DA:20,0
DA:21,0
DA:22,0
DA:23,0
DA:24,0
DA:25,0
DA:26,0
DA:28,0
DA:30,0
DA:31,0
DA:32,0
DA:33,0
DA:34,0
DA:35,0
DA:36,0
DA:37,0
DA:38,0
DA:39,0
DA:40,0
DA:41,0
FNF:1
FNH:0
LF:28
LH:0
BRF:0
BRH:0
end_of_record
TN:
SF:src/contracts/KipuBankV3.sol
DA:156,24
FN:156,KipuBankV3.constructor
FNDA:24,KipuBankV3.constructor
DA:161,24
BRDA:161,0,0,-
DA:162,24
DA:163,24
DA:164,24
DA:165,24
DA:166,24
DA:176,27
FN:176,KipuBankV3.deposit
FNDA:27,KipuBankV3.deposit
DA:181,27
DA:182,27
BRDA:182,1,0,6
DA:183,6
DA:184,0
BRDA:184,2,0,-
DA:189,6
DA:191,24
DA:192,13
BRDA:192,3,0,13
DA:193,22
DA:194,8
BRDA:194,4,0,8
DA:200,13
FN:200,KipuBankV3.depositUsdc
FNDA:13,KipuBankV3.depositUsdc
DA:203,13
BRDA:203,5,0,1
DA:204,12
BRDA:204,6,0,1
DA:206,11
DA:208,11
DA:209,11
DA:211,11
DA:213,11
DA:216,6
FN:216,KipuBankV3.depositEth
FNDA:6,KipuBankV3.depositEth
DA:220,6
BRDA:220,7,0,1
DA:222,5
DA:224,5
DA:225,5
DA:226,5
DA:228,5
DA:234,4
DA:236,4
DA:237,4
DA:239,4
BRDA:239,8,0,1
DA:241,3
DA:242,3
DA:245,3
DA:254,8
FN:254,KipuBankV3.depositToken
FNDA:8,KipuBankV3.depositToken
DA:260,8
BRDA:260,9,0,-
DA:261,8
BRDA:261,10,0,-
DA:262,8
BRDA:262,11,0,1
DA:263,7
BRDA:263,12,0,1
DA:264,6
BRDA:264,13,0,-
DA:267,6
DA:269,6
DA:270,6
DA:272,6
DA:274,6
DA:275,6
DA:276,6
DA:278,6
DA:285,5
DA:287,5
DA:288,5
DA:289,5
BRDA:289,14,0,1
DA:291,4
DA:292,4
DA:296,4
DA:300,3
FN:300,KipuBankV3.depositFallback
FNDA:3,KipuBankV3.depositFallback
DA:304,3
BRDA:304,15,0,-
DA:306,3
DA:308,3
DA:309,3
DA:310,3
DA:312,3
DA:319,3
DA:320,3
DA:322,3
BRDA:322,16,0,1
DA:324,2
DA:325,2
DA:327,2
DA:329,2
DA:330,2
DA:338,8
FN:338,KipuBankV3.withdraw
FNDA:8,KipuBankV3.withdraw
DA:341,8
BRDA:341,17,0,-
DA:342,8
DA:343,1
BRDA:343,18,0,1
DA:344,7
DA:345,7
BRDA:345,19,0,1
DA:346,6
BRDA:346,20,0,1
DA:348,5
DA:349,5
DA:351,5
DA:353,5
DA:354,5
DA:360,3
FN:360,KipuBankV3.hasDirects_usdcPair
FNDA:3,KipuBankV3.hasDirects_usdcPair
DA:361,10
DA:366,2
FN:366,KipuBankV3.remainingCapacity
FNDA:2,KipuBankV3.remainingCapacity
DA:367,2
BRDA:367,21,0,-
DA:368,2
DA:374,1
FN:374,KipuBankV3.setRouter
FNDA:1,KipuBankV3.setRouter
DA:375,1
BRDA:375,22,0,-
DA:376,1
DA:377,1
DA:378,1
DA:379,1
DA:384,1
FN:384,KipuBankV3.setUsdc
FNDA:1,KipuBankV3.setUsdc
DA:385,1
BRDA:385,23,0,-
DA:386,1
DA:387,1
DA:388,1
DA:396,3
FN:396,KipuBankV3.receive
FNDA:3,KipuBankV3.receive
DA:397,3
DA:398,2
BRDA:398,24,0,-
DA:402,0
FN:402,KipuBankV3.fallback
FNDA:0,KipuBankV3.fallback
DA:403,0
DA:404,0
BRDA:404,25,0,-
FNF:13
FNH:12
LF:109
LH:105
BRF:26
BRH:14
end_of_record
TN:
SF:test/helpers/KipuBankV3BaseTest.sol
DA:50,24
FN:50,KipuBankV3BaseTest.setUp
FNDA:24,KipuBankV3BaseTest.setUp
DA:51,24
DA:52,24
DA:53,24
DA:54,24
DA:57,24
DA:58,24
DA:59,24
DA:60,24
DA:63,24
DA:64,24
DA:65,24
DA:68,24
DA:69,24
DA:72,24
DA:74,24
DA:76,24
DA:77,24
DA:84,24
DA:85,24
DA:86,24
DA:88,24
DA:91,24
DA:92,24
DA:93,24
DA:94,24
DA:95,24
DA:98,24
DA:99,24
FNF:1
FNH:1
LF:29
LH:29
BRF:0
BRH:0
end_of_record
TN:
SF:test/mocks/MockERC20.sol
DA:14,97
FN:14,MockERC20.constructor
FNDA:97,MockERC20.constructor
DA:15,97
DA:18,0
FN:18,MockERC20.decimals
FNDA:0,MockERC20.decimals
DA:20,108
FN:20,MockERC20.mint
FNDA:108,MockERC20.mint
DA:21,108
DA:22,108
DA:23,108
DA:26,0
FN:26,MockERC20.burn
FNDA:0,MockERC20.burn
DA:27,0
BRDA:27,0,0,-
BRDA:27,0,1,-
DA:28,0
DA:29,0
DA:30,0
DA:33,5
FN:33,MockERC20.transfer
FNDA:5,MockERC20.transfer
DA:34,5
BRDA:34,1,0,-
BRDA:34,1,1,5
DA:35,5
DA:36,5
DA:37,5
DA:38,5
DA:41,84
FN:41,MockERC20.approve
FNDA:84,MockERC20.approve
DA:42,84
DA:43,84
DA:44,84
DA:47,23
FN:47,MockERC20.transferFrom
FNDA:23,MockERC20.transferFrom
DA:48,23
DA:49,23
BRDA:49,2,0,-
BRDA:49,2,1,23
DA:50,23
BRDA:50,3,0,-
BRDA:50,3,1,23
DA:51,23
BRDA:51,4,0,6
DA:52,23
DA:53,23
DA:54,23
DA:55,23
FNF:7
FNH:5
LF:31
LH:25
BRF:9
BRH:4
end_of_record
TN:
SF:test/mocks/MockUniswapV2Factory.sol
DA:7,72
FN:7,MockUniswapV2Factory.setPair
FNDA:72,MockUniswapV2Factory.setPair
DA:8,72
DA:9,72
FNF:1
FNH:1
LF:3
LH:3
BRF:0
BRH:0
end_of_record
TN:
SF:test/mocks/MockUniswapV2Router02.sol
DA:15,25
FN:15,MockUniswapV2Router02.constructor
FNDA:25,MockUniswapV2Router02.constructor
DA:16,25
DA:19,24
FN:19,MockUniswapV2Router02.setFactory
FNDA:24,MockUniswapV2Router02.setFactory
DA:20,24
DA:22,24
FN:22,MockUniswapV2Router02.setUSDC
FNDA:24,MockUniswapV2Router02.setUSDC
DA:23,24
DA:25,48
FN:25,MockUniswapV2Router02.setTokenRate
FNDA:48,MockUniswapV2Router02.setTokenRate
DA:26,48
DA:28,24
FN:28,MockUniswapV2Router02.setEthRate
FNDA:24,MockUniswapV2Router02.setEthRate
DA:29,24
DA:33,25
FN:33,MockUniswapV2Router02.factory
FNDA:25,MockUniswapV2Router02.factory
DA:34,25
DA:36,24
FN:36,MockUniswapV2Router02.WETH
FNDA:24,MockUniswapV2Router02.WETH
DA:37,24
DA:40,6
FN:40,MockUniswapV2Router02.swapExactTokensForTokens
FNDA:6,MockUniswapV2Router02.swapExactTokensForTokens
DA:47,6
BRDA:47,0,0,-
BRDA:47,0,1,6
DA:48,6
BRDA:48,1,0,-
BRDA:48,1,1,6
DA:50,6
DA:51,6
BRDA:51,2,0,-
BRDA:51,2,1,6
DA:53,6
BRDA:53,3,0,-
BRDA:53,3,1,6
DA:58,6
DA:60,6
BRDA:60,4,0,1
BRDA:60,4,1,5
DA:61,5
DA:62,5
DA:63,5
DA:64,5
DA:67,8
FN:67,MockUniswapV2Router02.swapExactETHForTokens
FNDA:8,MockUniswapV2Router02.swapExactETHForTokens
DA:73,8
BRDA:73,5,0,-
BRDA:73,5,1,8
DA:74,8
BRDA:74,6,0,-
BRDA:74,6,1,8
DA:75,8
BRDA:75,7,0,-
BRDA:75,7,1,8
DA:77,8
DA:78,8
BRDA:78,8,0,1
BRDA:78,8,1,7
DA:79,7
DA:81,7
DA:82,7
DA:83,7
FNF:9
FNH:9
LF:36
LH:36
BRF:18
BRH:11
end_of_record
